<?xml version="1.0" encoding="UTF-8"?>
<testsuite name="jrails.ModelTest" tests="2" skipped="0" failures="0" errors="0" timestamp="2023-11-21T02:58:25" hostname="heochang-us-MacBook-Air.local" time="0.012">
  <properties/>
  <testcase name="test1" classname="jrails.ModelTest" time="0.011"/>
  <testcase name="test2" classname="jrails.ModelTest" time="0.001"/>
  <system-out><![CDATA[Save Operatedbooks.Book
added ID: 1
Save Operatedbooks.Book
added ID: 2
Save Operatedbooks.Book
1
2
Total models: 2
Save Operatedbooks.Book
added ID: 3
Save Operatedbooks.Book
1
2
3
Total models: 3
recorded ID: 1 destroyed
3
Total models: 1
Size: 1
Save Operatedbooks.Book
added ID: 4
3
4
Total models: 2
Size: 2
]]></system-out>
  <system-err><![CDATA[]]></system-err>
</testsuite>
